skiat@sk-noteb:~/codici/cpp/cpp-co-learning/programming-principles-and-practice/26-testing/luca/googletest/build$ ll
total 40
-rw-rw-r-- 1 skiat skiat 14627 Apr 26 19:57 CMakeCache.txt
drwxrwxr-x 4 skiat skiat  4096 Apr 26 19:58 CMakeFiles/
-rw-rw-r-- 1 skiat skiat  2102 Apr 26 19:57 cmake_install.cmake
-rw-rw-r-- 1 skiat skiat   441 Apr 26 19:57 CTestTestfile.cmake
drwxrwxr-x 4 skiat skiat  4096 Apr 26 19:58 googlemock/
-rw-rw-r-- 1 skiat skiat  7648 Apr 26 19:57 Makefile
skiat@sk-noteb:~/codici/cpp/cpp-co-learning/programming-principles-and-practice/26-testing/luca/googletest/build$ rm 
CMakeCache.txt       CMakeFiles/          cmake_install.cmake  CTestTestfile.cmake  googlemock/          Makefile             
skiat@sk-noteb:~/codici/cpp/cpp-co-learning/programming-principles-and-practice/26-testing/luca/googletest/build$ cd ../
skiat@sk-noteb:~/codici/cpp/cpp-co-learning/programming-principles-and-practice/26-testing/luca/googletest$ rm -fr build/
skiat@sk-noteb:~/codici/cpp/cpp-co-learning/programming-principles-and-practice/26-testing/luca/googletest$ mkdir build
skiat@sk-noteb:~/codici/cpp/cpp-co-learning/programming-principles-and-practice/26-testing/luca/googletest$ cd build/
skiat@sk-noteb:~/codici/cpp/cpp-co-learning/programming-principles-and-practice/26-testing/luca/googletest/build$ cmake -Dgtest_build_tests=ON ..
-- The C compiler identification is GNU 4.8.4
-- The CXX compiler identification is GNU 4.8.4
-- Check for working C compiler: /usr/bin/cc
-- Check for working C compiler: /usr/bin/cc -- works
-- Detecting C compiler ABI info
-- Detecting C compiler ABI info - done
-- Check for working CXX compiler: /usr/bin/c++
-- Check for working CXX compiler: /usr/bin/c++ -- works
-- Detecting CXX compiler ABI info
-- Detecting CXX compiler ABI info - done
-- Found PythonInterp: /usr/bin/python (found version "2.7.6") 
-- Looking for include file pthread.h
-- Looking for include file pthread.h - found
-- Looking for pthread_create
-- Looking for pthread_create - not found
-- Looking for pthread_create in pthreads
-- Looking for pthread_create in pthreads - not found
-- Looking for pthread_create in pthread
-- Looking for pthread_create in pthread - found
-- Found Threads: TRUE  
-- Configuring done
-- Generating done
-- Build files have been written to: /home/skiat/codici/cpp/cpp-co-learning/programming-principles-and-practice/26-testing/luca/googletest/build
skiat@sk-noteb:~/codici/cpp/cpp-co-learning/programming-principles-and-practice/26-testing/luca/googletest/build$ make
Scanning dependencies of target gmock
[  1%] Building CXX object googlemock/CMakeFiles/gmock.dir/__/googletest/src/gtest-all.cc.o
[  3%] Building CXX object googlemock/CMakeFiles/gmock.dir/src/gmock-all.cc.o                                                                              
Linking CXX static library libgmock.a
[  3%] Built target gmock
Scanning dependencies of target gmock_main
[  4%] Building CXX object googlemock/CMakeFiles/gmock_main.dir/__/googletest/src/gtest-all.cc.o
^Cmake[2]: *** Deleting file `googlemock/CMakeFiles/gmock_main.dir/__/googletest/src/gtest-all.cc.o'
make[2]: *** [googlemock/CMakeFiles/gmock_main.dir/__/googletest/src/gtest-all.cc.o] Interrupt
make[1]: *** [googlemock/CMakeFiles/gmock_main.dir/all] Interrupt
make: *** [all] Interrupt

skiat@sk-noteb:~/codici/cpp/cpp-co-learning/programming-principles-and-practice/26-testing/luca/googletest/build$ make -j4
Scanning dependencies of target gtest
Scanning dependencies of target gtest_main_use_own_tuple
[  3%] Built target gmock
[  4%] Scanning dependencies of target gtest_main_no_exception
Building CXX object googlemock/CMakeFiles/gmock_main.dir/__/googletest/src/gtest-all.cc.o
[  6%] [  7%] Building CXX object googlemock/gtest/CMakeFiles/gtest.dir/src/gtest-all.cc.o                                                                 
Building CXX object googlemock/gtest/CMakeFiles/gtest_main_use_own_tuple.dir/src/gtest-all.cc.o                                                            
[  9%] Building CXX object googlemock/gtest/CMakeFiles/gtest_main_no_exception.dir/src/gtest-all.cc.o                                                      
[ 10%] Building CXX object googlemock/gtest/CMakeFiles/gtest_main_no_exception.dir/src/gtest_main.cc.o                                                     
[ 12%] [ 14%] Building CXX object googlemock/gtest/CMakeFiles/gtest_main_use_own_tuple.dir/src/gtest_main.cc.o                                             
Building CXX object googlemock/CMakeFiles/gmock_main.dir/src/gmock-all.cc.o                                                                                
Linking CXX static library libgtest.a
[ 14%] Built target gtest
Scanning dependencies of target gtest_dll
[ 15%] Building CXX object googlemock/gtest/CMakeFiles/gtest_dll.dir/src/gtest-all.cc.o
Linking CXX static library libgtest_main_no_exception.a
[ 15%] Built target gtest_main_no_exception
Scanning dependencies of target gtest_env_var_test_
Linking CXX static library libgtest_main_use_own_tuple.a
[ 17%] Building CXX object googlemock/gtest/CMakeFiles/gtest_env_var_test_.dir/test/gtest_env_var_test_.cc.o
[ 17%] Built target gtest_main_use_own_tuple
Scanning dependencies of target gtest_environment_test
[ 18%] Building CXX object googlemock/gtest/CMakeFiles/gtest_environment_test.dir/test/gtest_environment_test.cc.o
Linking CXX executable gtest_env_var_test_
Linking CXX executable gtest_environment_test
[ 18%] Built target gtest_env_var_test_
Scanning dependencies of target gtest_filter_unittest_
[ 20%] Building CXX object googlemock/gtest/CMakeFiles/gtest_filter_unittest_.dir/test/gtest_filter_unittest_.cc.o
[ 20%] Built target gtest_environment_test
Scanning dependencies of target gtest_list_tests_unittest_
[ 21%] Building CXX object googlemock/CMakeFiles/gmock_main.dir/src/gmock_main.cc.o
[ 23%] Building CXX object googlemock/gtest/CMakeFiles/gtest_list_tests_unittest_.dir/test/gtest_list_tests_unittest_.cc.o                                 
Linking CXX static library libgmock_main.a
[ 23%] Built target gmock_main
Scanning dependencies of target gtest_main_no_rtti
Linking CXX executable gtest_filter_unittest_
[ 25%] Building CXX object googlemock/gtest/CMakeFiles/gtest_main_no_rtti.dir/src/gtest-all.cc.o
[ 25%] Built target gtest_filter_unittest_
Scanning dependencies of target gtest_no_exception
[ 26%] Building CXX object googlemock/gtest/CMakeFiles/gtest_no_exception.dir/src/gtest-all.cc.o
Linking CXX executable gtest_list_tests_unittest_
[ 26%] Built target gtest_list_tests_unittest_
Scanning dependencies of target gtest_no_test_unittest
[ 28%] Building CXX object googlemock/gtest/CMakeFiles/gtest_no_test_unittest.dir/test/gtest_no_test_unittest.cc.o
[ 29%] Building CXX object googlemock/gtest/CMakeFiles/gtest_dll.dir/src/gtest_main.cc.o                                                                   
Linking CXX executable gtest_no_test_unittest
[ 29%] Built target gtest_no_test_unittest
Scanning dependencies of target gtest_output_test_
Linking CXX shared library libgtest_dll.so
[ 31%] Building CXX object googlemock/gtest/CMakeFiles/gtest_output_test_.dir/test/gtest_output_test_.cc.o
[ 31%] Built target gtest_dll
Scanning dependencies of target gtest_premature_exit_test
[ 32%] Building CXX object googlemock/gtest/CMakeFiles/gtest_premature_exit_test.dir/test/gtest_premature_exit_test.cc.o
Linking CXX executable gtest_premature_exit_test
[ 32%] Built target gtest_premature_exit_test
Scanning dependencies of target gtest_repeat_test
[ 34%] Building CXX object googlemock/gtest/CMakeFiles/gtest_repeat_test.dir/test/gtest_repeat_test.cc.o
Linking CXX static library libgtest_no_exception.a
[ 34%] Built target gtest_no_exception
Scanning dependencies of target gtest_shuffle_test_
[ 35%] Building CXX object googlemock/gtest/CMakeFiles/gtest_shuffle_test_.dir/test/gtest_shuffle_test_.cc.o
[ 37%] Building CXX object googlemock/gtest/CMakeFiles/gtest_main_no_rtti.dir/src/gtest_main.cc.o                                                          
Linking CXX executable gtest_repeat_test
Linking CXX static library libgtest_main_no_rtti.a
[ 37%] Built target gtest_main_no_rtti
Scanning dependencies of target gtest_stress_test
Linking CXX executable gtest_shuffle_test_
[ 37%] Built target gtest_repeat_test
[ 39%] Building CXX object googlemock/gtest/CMakeFiles/gtest_stress_test.dir/test/gtest_stress_test.cc.o
Scanning dependencies of target gtest_throw_on_failure_ex_test
[ 40%] Building CXX object googlemock/gtest/CMakeFiles/gtest_throw_on_failure_ex_test.dir/test/gtest_throw_on_failure_ex_test.cc.o
Linking CXX executable gtest_output_test_
[ 40%] Built target gtest_shuffle_test_
Scanning dependencies of target gtest_throw_on_failure_test_
[ 42%] Building CXX object googlemock/gtest/CMakeFiles/gtest_throw_on_failure_test_.dir/test/gtest_throw_on_failure_test_.cc.o
[ 42%] Built target gtest_output_test_
Scanning dependencies of target gtest_uninitialized_test_
[ 43%] Building CXX object googlemock/gtest/CMakeFiles/gtest_uninitialized_test_.dir/test/gtest_uninitialized_test_.cc.o
Linking CXX executable gtest_throw_on_failure_ex_test
[ 43%] Built target gtest_throw_on_failure_ex_test
Scanning dependencies of target gtest_use_own_tuple_test
[ 45%] Building CXX object googlemock/gtest/CMakeFiles/gtest_use_own_tuple_test.dir/test/gtest-param-test_test.cc.o
Linking CXX executable gtest_throw_on_failure_test_
Linking CXX executable gtest_stress_test
Linking CXX executable gtest_uninitialized_test_
[ 45%] Built target gtest_throw_on_failure_test_
Scanning dependencies of target gtest_xml_output_unittest_
[ 46%] Building CXX object googlemock/gtest/CMakeFiles/gtest_xml_output_unittest_.dir/test/gtest_xml_output_unittest_.cc.o
[ 46%] Built target gtest_stress_test
[ 48%] Building CXX object googlemock/gtest/CMakeFiles/gtest_use_own_tuple_test.dir/test/gtest-param-test2_test.cc.o
[ 48%] Built target gtest_uninitialized_test_
Scanning dependencies of target gtest-death-test_ex_catch_test
[ 50%] Building CXX object googlemock/gtest/CMakeFiles/gtest-death-test_ex_catch_test.dir/test/gtest-death-test_ex_test.cc.o
Linking CXX executable gtest-death-test_ex_catch_test
[ 50%] Built target gtest-death-test_ex_catch_test
Scanning dependencies of target gtest-death-test_ex_nocatch_test
[ 51%] Building CXX object googlemock/gtest/CMakeFiles/gtest-death-test_ex_nocatch_test.dir/test/gtest-death-test_ex_test.cc.o
Scanning dependencies of target gtest_main
[ 53%] Building CXX object googlemock/gtest/CMakeFiles/gtest_main.dir/src/gtest_main.cc.o
Linking CXX executable gtest_xml_output_unittest_
[ 53%] Built target gtest_xml_output_unittest_
Scanning dependencies of target gtest-param-test_test
[ 54%] Building CXX object googlemock/gtest/CMakeFiles/gtest-param-test_test.dir/test/gtest-param-test_test.cc.o
Linking CXX executable gtest-death-test_ex_nocatch_test
Linking CXX static library libgtest_main.a
[ 54%] Built target gtest_main
Scanning dependencies of target gtest-tuple_test
[ 56%] Building CXX object googlemock/gtest/CMakeFiles/gtest-tuple_test.dir/test/gtest-tuple_test.cc.o
[ 56%] Built target gtest-death-test_ex_nocatch_test
Scanning dependencies of target gtest-typed-test_test
[ 57%] Building CXX object googlemock/gtest/CMakeFiles/gtest-typed-test_test.dir/test/gtest-typed-test_test.cc.o
Linking CXX executable gtest-tuple_test
[ 57%] Built target gtest-tuple_test
Scanning dependencies of target gtest-unittest-api_test
[ 59%] Building CXX object googlemock/gtest/CMakeFiles/gtest-unittest-api_test.dir/test/gtest-unittest-api_test.cc.o
[ 60%] Building CXX object googlemock/gtest/CMakeFiles/gtest-typed-test_test.dir/test/gtest-typed-test2_test.cc.o                                          
Linking CXX executable gtest-unittest-api_test
[ 60%] Built target gtest-unittest-api_test
Scanning dependencies of target gtest_break_on_failure_unittest_
[ 62%] Building CXX object googlemock/gtest/CMakeFiles/gtest_break_on_failure_unittest_.dir/test/gtest_break_on_failure_unittest_.cc.o
Linking CXX executable gtest-typed-test_test
[ 62%] Built target gtest-typed-test_test
Scanning dependencies of target gtest_catch_exceptions_ex_test_
[ 64%] Building CXX object googlemock/gtest/CMakeFiles/gtest_catch_exceptions_ex_test_.dir/test/gtest_catch_exceptions_test_.cc.o
Linking CXX executable gtest_use_own_tuple_test
Linking CXX executable gtest_break_on_failure_unittest_
[ 64%] Built target gtest_break_on_failure_unittest_
Scanning dependencies of target gtest_catch_exceptions_no_ex_test_
[ 65%] Building CXX object googlemock/gtest/CMakeFiles/gtest_catch_exceptions_no_ex_test_.dir/test/gtest_catch_exceptions_test_.cc.o
Linking CXX executable gtest_catch_exceptions_ex_test_
[ 65%] Built target gtest_use_own_tuple_test
Scanning dependencies of target gtest_color_test_
[ 67%] Building CXX object googlemock/gtest/CMakeFiles/gtest_color_test_.dir/test/gtest_color_test_.cc.o
[ 67%] Built target gtest_catch_exceptions_ex_test_
Scanning dependencies of target gtest_dll_test_
[ 68%] Building CXX object googlemock/gtest/CMakeFiles/gtest_dll_test_.dir/test/gtest_all_test.cc.o
Linking CXX executable gtest_catch_exceptions_no_ex_test_
[ 68%] Built target gtest_catch_exceptions_no_ex_test_
Scanning dependencies of target gtest_help_test_
[ 70%] Building CXX object googlemock/gtest/CMakeFiles/gtest_help_test_.dir/test/gtest_help_test_.cc.o
Linking CXX executable gtest_color_test_
[ 70%] Built target gtest_color_test_
Scanning dependencies of target gtest_main_unittest
[ 71%] Building CXX object googlemock/gtest/CMakeFiles/gtest_main_unittest.dir/test/gtest_main_unittest.cc.o
Linking CXX executable gtest_help_test_
[ 71%] Built target gtest_help_test_
Scanning dependencies of target gtest_no_rtti_unittest
[ 73%] Building CXX object googlemock/gtest/CMakeFiles/gtest_no_rtti_unittest.dir/test/gtest_unittest.cc.o
Linking CXX executable gtest_main_unittest
[ 75%] Building CXX object googlemock/gtest/CMakeFiles/gtest-param-test_test.dir/test/gtest-param-test2_test.cc.o
[ 75%] Built target gtest_main_unittest
Scanning dependencies of target gtest_pred_impl_unittest
[ 76%] Building CXX object googlemock/gtest/CMakeFiles/gtest_pred_impl_unittest.dir/test/gtest_pred_impl_unittest.cc.o
Linking CXX executable gtest-param-test_test
[ 76%] Built target gtest-param-test_test
Scanning dependencies of target gtest_prod_test
[ 78%] Building CXX object googlemock/gtest/CMakeFiles/gtest_prod_test.dir/test/gtest_prod_test.cc.o
[ 79%] Building CXX object googlemock/gtest/CMakeFiles/gtest_prod_test.dir/test/production.cc.o                                                            
Linking CXX executable gtest_prod_test
[ 79%] Built target gtest_prod_test
Scanning dependencies of target gtest_sole_header_test
[ 81%] Building CXX object googlemock/gtest/CMakeFiles/gtest_sole_header_test.dir/test/gtest_sole_header_test.cc.o
Linking CXX executable gtest_pred_impl_unittest
Linking CXX executable gtest_sole_header_test
[ 81%] Built target gtest_sole_header_test
Scanning dependencies of target gtest_unittest
[ 81%] Built target gtest_pred_impl_unittest
Scanning dependencies of target gtest_xml_outfile1_test_
[ 82%] [ 84%] Building CXX object googlemock/gtest/CMakeFiles/gtest_unittest.dir/test/gtest_unittest.cc.o
Building CXX object googlemock/gtest/CMakeFiles/gtest_xml_outfile1_test_.dir/test/gtest_xml_outfile1_test_.cc.o                                            
Linking CXX executable gtest_xml_outfile1_test_
[ 84%] Built target gtest_xml_outfile1_test_
Scanning dependencies of target gtest_xml_outfile2_test_
[ 85%] Building CXX object googlemock/gtest/CMakeFiles/gtest_xml_outfile2_test_.dir/test/gtest_xml_outfile2_test_.cc.o
Linking CXX executable gtest_xml_outfile2_test_
[ 85%] Built target gtest_xml_outfile2_test_
Scanning dependencies of target gtest-death-test_test
[ 87%] Building CXX object googlemock/gtest/CMakeFiles/gtest-death-test_test.dir/test/gtest-death-test_test.cc.o
Linking CXX executable gtest-death-test_test
[ 87%] Built target gtest-death-test_test
Scanning dependencies of target gtest-filepath_test
[ 89%] Building CXX object googlemock/gtest/CMakeFiles/gtest-filepath_test.dir/test/gtest-filepath_test.cc.o
Linking CXX executable gtest_no_rtti_unittest
Linking CXX executable gtest-filepath_test
[ 89%] Built target gtest-filepath_test
Scanning dependencies of target gtest-linked_ptr_test
[ 90%] Building CXX object googlemock/gtest/CMakeFiles/gtest-linked_ptr_test.dir/test/gtest-linked_ptr_test.cc.o
[ 90%] Built target gtest_no_rtti_unittest
Scanning dependencies of target gtest-listener_test
[ 92%] Building CXX object googlemock/gtest/CMakeFiles/gtest-listener_test.dir/test/gtest-listener_test.cc.o
Linking CXX executable gtest-linked_ptr_test
Linking CXX executable gtest-listener_test
[ 92%] Built target gtest-linked_ptr_test
Scanning dependencies of target gtest-message_test
[ 93%] Building CXX object googlemock/gtest/CMakeFiles/gtest-message_test.dir/test/gtest-message_test.cc.o
[ 93%] Built target gtest-listener_test
Scanning dependencies of target gtest-options_test
[ 95%] Building CXX object googlemock/gtest/CMakeFiles/gtest-options_test.dir/test/gtest-options_test.cc.o
Linking CXX executable gtest-message_test
Linking CXX executable gtest-options_test
[ 95%] Built target gtest-message_test
Scanning dependencies of target gtest-port_test
[ 96%] Building CXX object googlemock/gtest/CMakeFiles/gtest-port_test.dir/test/gtest-port_test.cc.o
[ 96%] Built target gtest-options_test
Scanning dependencies of target gtest-printers_test
[ 98%] Building CXX object googlemock/gtest/CMakeFiles/gtest-printers_test.dir/test/gtest-printers_test.cc.o
Linking CXX executable gtest_unittest
[ 98%] Built target gtest_unittest
Scanning dependencies of target gtest-test-part_test
[100%] Building CXX object googlemock/gtest/CMakeFiles/gtest-test-part_test.dir/test/gtest-test-part_test.cc.o
Linking CXX executable gtest-port_test
[100%] Built target gtest-port_test
Linking CXX executable gtest-test-part_test
[100%] Built target gtest-test-part_test
Linking CXX executable gtest_dll_test_
[100%] Built target gtest_dll_test_
Linking CXX executable gtest-printers_test
[100%] Built target gtest-printers_test
skiat@sk-noteb:~/codici/cpp/cpp-co-learning/programming-principles-and-practice/26-testing/luca/googletest/build$ make test
Running tests...
Test project /home/skiat/codici/cpp/cpp-co-learning/programming-principles-and-practice/26-testing/luca/googletest/build
      Start  1: gtest-death-test_test
 1/41 Test  #1: gtest-death-test_test ..............   Passed    0.64 sec
      Start  2: gtest_environment_test
 2/41 Test  #2: gtest_environment_test .............   Passed    0.00 sec
      Start  3: gtest-filepath_test
 3/41 Test  #3: gtest-filepath_test ................   Passed    0.03 sec
      Start  4: gtest-linked_ptr_test
 4/41 Test  #4: gtest-linked_ptr_test ..............   Passed    0.00 sec
      Start  5: gtest-listener_test
 5/41 Test  #5: gtest-listener_test ................   Passed    0.00 sec
      Start  6: gtest_main_unittest
 6/41 Test  #6: gtest_main_unittest ................   Passed    0.00 sec
      Start  7: gtest-message_test
 7/41 Test  #7: gtest-message_test .................   Passed    0.00 sec
      Start  8: gtest_no_test_unittest
 8/41 Test  #8: gtest_no_test_unittest .............   Passed    0.00 sec
      Start  9: gtest-options_test
 9/41 Test  #9: gtest-options_test .................   Passed    0.00 sec
      Start 10: gtest-param-test_test
10/41 Test #10: gtest-param-test_test ..............   Passed    0.12 sec
      Start 11: gtest-port_test
11/41 Test #11: gtest-port_test ....................   Passed    2.34 sec
      Start 12: gtest_pred_impl_unittest
12/41 Test #12: gtest_pred_impl_unittest ...........   Passed    0.01 sec
      Start 13: gtest_premature_exit_test
13/41 Test #13: gtest_premature_exit_test ..........   Passed    0.01 sec
      Start 14: gtest-printers_test
14/41 Test #14: gtest-printers_test ................   Passed    0.01 sec
      Start 15: gtest_prod_test
15/41 Test #15: gtest_prod_test ....................   Passed    0.00 sec
      Start 16: gtest_repeat_test
16/41 Test #16: gtest_repeat_test ..................   Passed    2.03 sec
      Start 17: gtest_sole_header_test
17/41 Test #17: gtest_sole_header_test .............   Passed    0.01 sec
      Start 18: gtest_stress_test
18/41 Test #18: gtest_stress_test ..................   Passed    0.24 sec
      Start 19: gtest-test-part_test
19/41 Test #19: gtest-test-part_test ...............   Passed    0.21 sec
      Start 20: gtest_throw_on_failure_ex_test
20/41 Test #20: gtest_throw_on_failure_ex_test .....   Passed    0.01 sec
      Start 21: gtest-typed-test_test
21/41 Test #21: gtest-typed-test_test ..............   Passed    0.40 sec
      Start 22: gtest_unittest
22/41 Test #22: gtest_unittest .....................   Passed    1.15 sec
      Start 23: gtest-unittest-api_test
23/41 Test #23: gtest-unittest-api_test ............   Passed    0.00 sec
      Start 24: gtest-death-test_ex_nocatch_test
24/41 Test #24: gtest-death-test_ex_nocatch_test ...   Passed    0.01 sec
      Start 25: gtest-death-test_ex_catch_test
25/41 Test #25: gtest-death-test_ex_catch_test .....   Passed    0.01 sec
      Start 26: gtest_no_rtti_unittest
26/41 Test #26: gtest_no_rtti_unittest .............   Passed    1.12 sec
      Start 27: gtest-tuple_test
27/41 Test #27: gtest-tuple_test ...................   Passed    0.01 sec
      Start 28: gtest_use_own_tuple_test
28/41 Test #28: gtest_use_own_tuple_test ...........   Passed    0.11 sec
      Start 29: gtest_break_on_failure_unittest
29/41 Test #29: gtest_break_on_failure_unittest ....   Passed    0.67 sec
      Start 30: gtest_catch_exceptions_test
30/41 Test #30: gtest_catch_exceptions_test ........   Passed    0.05 sec
      Start 31: gtest_color_test
31/41 Test #31: gtest_color_test ...................   Passed    0.12 sec
      Start 32: gtest_env_var_test
32/41 Test #32: gtest_env_var_test .................   Passed    0.13 sec
      Start 33: gtest_filter_unittest
33/41 Test #33: gtest_filter_unittest ..............   Passed    0.95 sec
      Start 34: gtest_help_test
34/41 Test #34: gtest_help_test ....................   Passed    0.08 sec
      Start 35: gtest_list_tests_unittest
35/41 Test #35: gtest_list_tests_unittest ..........   Passed    0.06 sec
      Start 36: gtest_output_test
36/41 Test #36: gtest_output_test ..................   Passed    0.13 sec
      Start 37: gtest_shuffle_test
37/41 Test #37: gtest_shuffle_test .................   Passed    0.11 sec
      Start 38: gtest_throw_on_failure_test
38/41 Test #38: gtest_throw_on_failure_test ........   Passed    0.48 sec
      Start 39: gtest_uninitialized_test
39/41 Test #39: gtest_uninitialized_test ...........   Passed    0.04 sec
      Start 40: gtest_xml_outfiles_test
40/41 Test #40: gtest_xml_outfiles_test ............   Passed    0.13 sec
      Start 41: gtest_xml_output_unittest
41/41 Test #41: gtest_xml_output_unittest ..........   Passed    0.10 sec

100% tests passed, 0 tests failed out of 41

Total Test time (real) =  11.58 sec

